[giainoffset.com/phan-mem-tinh-gia/index950c.html]
[backblue.gif]
[fade.gif]
[index.html]
[giainoffset.com/wp-content/themes/flatsome/assets/js/flatsome8489.js]
[giainoffset.com/wp-content/themes/flatsome/assets/js/chunk.slider792b.js]
[giainoffset.com/wp-content/themes/flatsome/assets/js/chunk.popups792b.js]
[giainoffset.com/wp-content/themes/flatsome/assets/js/chunk.tooltips792b.js]
[giainoffset.com/wp-content/themes/flatsome/assets/js/woocommercefa29.js]
[giainoffset.com/wp-content/litespeed/css/c622d3438794fb61aee359ba6233e7468d52.css]
[cdn.jsdelivr.net/npm/bootstrap@5.3.3/dist/css/bootstrap.mind4d0.css]
[giainoffset.com/phan-mem-tinh-gia/index.html]
[use.fontawesome.com/releases/v6.2.1/css/all.css]
[use.fontawesome.com/releases/v6.2.1/css/v4-shims.css]
[giainoffset.com/phan-mem-tinh-gia/feed/index.html]
[giainoffset.com/wp-content/uploads/2025/07/cropped-logovuong-web-32x32.jpg]
[giainoffset.com/wp-content/uploads/2025/07/cropped-logovuong-web-192x192.jpg]
[giainoffset.com/wp-content/uploads/2025/07/cropped-logovuong-web-180x180.jpg]
[giainoffset.com/phan-mem-tinh-gia/index950c.html]
[giainoffset.com/phan-mem-tinh-gia/index.html]
[giainoffset.com/wp-content/themes/flatsome/assets/img/shadow@2x.png]
[giainoffset.com/wp-content/themes/flatsome/assets/img/underline.png]
[giainoffset.com/wp-content/litespeed/css/c622d3438794fb61aee359ba6233e7468d52.css]
[cdn.jsdelivr.net/npm/bootstrap@5.3.3/dist/css/bootstrap.mind4d0.css]
[use.fontawesome.com/releases/v6.2.1/css/all.css]
[use.fontawesome.com/releases/v6.2.1/css/v4-shims.css]
